<?xml version="1.0" encoding="UTF-8"?>
<!-- Generated by org.testng.reporters.JUnitReportReporter -->
<testsuite hostname="Desktop-Wintest" failures="0" tests="10" name="com.uem_automation.qa.testcases.LoginTest" time="108.904" errors="0" timestamp="2024-12-05T10:57:53 IST" skipped="0">
  <testcase classname="com.uem_automation.qa.testcases.LoginTest" name="TC_LP_001_Validate_login_with_valid_credentials" time="13.841"/>
  <system-out/>
  <testcase classname="com.uem_automation.qa.testcases.LoginTest" name="TC_LP_002_Validate_login_with_invalid_credentials" time="5.889"/>
  <system-out/>
  <testcase classname="com.uem_automation.qa.testcases.LoginTest" name="TC_LP_003_Validate_login_with_invalid_email_and_valid_password" time="5.301"/>
  <system-out/>
  <testcase classname="com.uem_automation.qa.testcases.LoginTest" name="TC_LP_004_Validate_login_with_valid_email_and_invalid_password" time="5.594"/>
  <system-out/>
  <testcase classname="com.uem_automation.qa.testcases.LoginTest" name="TC_LP_005_Validate_login_without_providing_any_credentials" time="5.650"/>
  <system-out/>
  <testcase classname="com.uem_automation.qa.testcases.LoginTest" name="TC_LP_006_Validate_forgot_password_link_functionality" time="5.329"/>
  <system-out/>
  <testcase classname="com.uem_automation.qa.testcases.LoginTest" name="TC_LP_007_Validate_logging_into_the_application_using_keyboard_keys" time="14.887"/>
  <system-out/>
  <testcase classname="com.uem_automation.qa.testcases.LoginTest" name="TC_LP_008_Validate_email_and_pass_text_fields_in_login_page_have_placeholder_text" time="5.010"/>
  <system-out/>
  <testcase classname="com.uem_automation.qa.testcases.LoginTest" name="TC_LP_009_Validate_logging_into_the_application_and_browsing_back_using_browser_back_button" time="22.147"/>
  <system-out/>
  <testcase classname="com.uem_automation.qa.testcases.LoginTest" name="TC_LP_010_Validate_logging_out_the_application_and_browsing_back_using_browser_back_button" time="25.256"/>
  <system-out/>
</testsuite> <!-- com.uem_automation.qa.testcases.LoginTest -->
