<?xml version="1.0" encoding="UTF-8"?>
<!-- Generated by org.testng.reporters.JUnitReportReporter -->
<testsuite hostname="Desktop-Wintest" failures="0" tests="1" name="com.uem_automation.qa.testcases.DeviceManagerWindowsTest" time="25.883" errors="0" timestamp="2024-12-05T11:03:41 IST" skipped="0">
  <testcase classname="com.uem_automation.qa.testcases.DeviceManagerWindowsTest" name="TC_DMW_002_Validate_users_able_to_apply_execute_later_or_saved_task_on_the_group" time="25.883"/>
  <system-out/>
</testsuite> <!-- com.uem_automation.qa.testcases.DeviceManagerWindowsTest -->
