<?xml version="1.0" encoding="UTF-8"?>
<!-- Generated by org.testng.reporters.JUnitReportReporter -->
<testsuite hostname="Desktop-Wintest" failures="0" tests="1" name="com.uem_automation.qa.testcases.TaskManagerTest" time="59.990" errors="0" timestamp="2024-12-05T10:57:53 IST" skipped="0">
  <testcase classname="com.uem_automation.qa.testcases.TaskManagerTest" name="TC_TM_Create_template_with_given_excel_data" time="59.990"/>
  <system-out/>
</testsuite> <!-- com.uem_automation.qa.testcases.TaskManagerTest -->
